[2015-10-14 18:45:04] START
[2015-10-15 09:57:13] CREATE tables.py: 0
[2015-10-15 10:14:40] EDIT todo/models/tables.py: 14
[2015-10-15 10:17:20] EDIT todo/models/tables.py: 0
[2015-10-15 10:17:54] EDIT todo/controllers/default.py: 2
[2015-10-15 10:18:43] EDIT todo/controllers/default.py: 3
[2015-10-15 10:19:44] EDIT todo/views/default/index.html: -43
[2015-10-15 15:04:43] EDIT todo/controllers/default.py: 2
[2015-10-15 15:06:19] EDIT todo/models/tables.py: 0
[2015-10-15 15:11:53] EDIT todo/models/tables.py: 0
[2015-10-15 15:17:32] EDIT todo/models/tables.py: 3
[2015-10-15 15:56:51] EDIT todo/models/tables.py: 0
[2015-10-15 15:59:53] EDIT todo/models/tables.py: 0
[2015-10-15 16:02:21] EDIT todo/controllers/default.py: 0
[2015-10-15 16:10:34] EDIT todo/controllers/default.py: -2
[2015-10-15 16:12:41] EDIT todo/models/tables.py: -1
[2015-10-15 16:13:04] EDIT todo/models/tables.py: -1
[2015-10-15 17:34:21] EDIT todo/models/tables.py: 1
[2015-10-15 17:34:43] EDIT todo/models/tables.py: -1
[2015-10-15 17:35:39] EDIT todo/controllers/default.py: 0
[2015-10-15 17:56:53] EDIT todo/controllers/default.py: 6
[2015-10-15 18:01:28] EDIT todo/views/default/index.html: 0
[2015-10-15 18:01:40] EDIT todo/views/default/index.html: 0
[2015-10-15 18:03:01] EDIT todo/views/default/index.html: 4
[2015-10-15 18:03:34] EDIT todo/views/default/index.html: 0
[2015-10-15 18:27:02] EDIT todo/models/tables.py: 0
[2015-10-16 10:19:58] EDIT todo/views/default/index.html: 10
[2015-10-16 10:20:30] CREATE default/assignments.html: 0
[2015-10-16 10:20:40] EDIT todo/views/default/assignments.html: 10
[2015-10-16 10:21:01] CREATE default/alltasks.html: 0
[2015-10-16 10:21:09] EDIT todo/views/default/alltasks.html: 10
[2015-10-16 10:21:47] CREATE default/team.html: 0
[2015-10-16 10:21:53] EDIT todo/views/default/team.html: 10
[2015-10-16 10:22:37] EDIT todo/controllers/default.py: 1
